<?xml version="1.0" encoding="UTF-8"?>
<testng-results skipped="0" failed="0" ignored="0" total="1" passed="1">
  <reporter-output>
  </reporter-output>
  <suite name="Default suite" duration-ms="12802" started-at="2020-09-04T23:17:56 IST" finished-at="2020-09-04T23:18:09 IST">
    <groups>
    </groups>
    <test name="Default test" duration-ms="12802" started-at="2020-09-04T23:17:56 IST" finished-at="2020-09-04T23:18:09 IST">
      <class name="com.api.TimeZone">
        <test-method status="PASS" signature="timezone()[pri:0, instance:com.api.TimeZone@7494e528]" name="timezone" duration-ms="12734" started-at="2020-09-04T23:17:56 IST" finished-at="2020-09-04T23:18:09 IST">
          <reporter-output>
          </reporter-output>
        </test-method> <!-- timezone -->
      </class> <!-- com.api.TimeZone -->
    </test> <!-- Default test -->
  </suite> <!-- Default suite -->
</testng-results>
